{"/Users/spencerarmini/Downloads/express-biztime/app.js": {"path":"/Users/spencerarmini/Downloads/express-biztime/app.js","statementMap":{"0":{"start":{"line":4,"column":16},"end":{"line":4,"column":34}},"1":{"start":{"line":5,"column":26},"end":{"line":5,"column":51}},"2":{"start":{"line":7,"column":12},"end":{"line":7,"column":21}},"3":{"start":{"line":9,"column":0},"end":{"line":9,"column":24}},"4":{"start":{"line":11,"column":24},"end":{"line":11,"column":53}},"5":{"start":{"line":12,"column":0},"end":{"line":12,"column":39}},"6":{"start":{"line":14,"column":23},"end":{"line":14,"column":51}},"7":{"start":{"line":15,"column":0},"end":{"line":15,"column":37}},"8":{"start":{"line":18,"column":0},"end":{"line":20,"column":3}},"9":{"start":{"line":19,"column":2},"end":{"line":19,"column":35}},"10":{"start":{"line":23,"column":0},"end":{"line":28,"column":3}},"11":{"start":{"line":24,"column":17},"end":{"line":24,"column":34}},"12":{"start":{"line":25,"column":18},"end":{"line":25,"column":29}},"13":{"start":{"line":26,"column":2},"end":{"line":26,"column":72}},"14":{"start":{"line":26,"column":39},"end":{"line":26,"column":72}},"15":{"start":{"line":27,"column":2},"end":{"line":27,"column":65}},"16":{"start":{"line":32,"column":0},"end":{"line":32,"column":21}}},"fnMap":{"0":{"name":"(anonymous_0)","decl":{"start":{"line":18,"column":8},"end":{"line":18,"column":9}},"loc":{"start":{"line":18,"column":34},"end":{"line":20,"column":1}},"line":18},"1":{"name":"(anonymous_1)","decl":{"start":{"line":23,"column":8},"end":{"line":23,"column":9}},"loc":{"start":{"line":23,"column":39},"end":{"line":28,"column":1}},"line":23}},"branchMap":{"0":{"loc":{"start":{"line":24,"column":17},"end":{"line":24,"column":34}},"type":"binary-expr","locations":[{"start":{"line":24,"column":17},"end":{"line":24,"column":27}},{"start":{"line":24,"column":31},"end":{"line":24,"column":34}}],"line":24},"1":{"loc":{"start":{"line":26,"column":2},"end":{"line":26,"column":72}},"type":"if","locations":[{"start":{"line":26,"column":2},"end":{"line":26,"column":72}},{"start":{"line":26,"column":2},"end":{"line":26,"column":72}}],"line":26}},"s":{"0":1,"1":1,"2":1,"3":1,"4":1,"5":1,"6":1,"7":1,"8":1,"9":0,"10":1,"11":0,"12":0,"13":0,"14":0,"15":0,"16":1},"f":{"0":0,"1":0},"b":{"0":[0,0],"1":[0,0]},"_coverageSchema":"1a1c01bbd47fc00a2c39e90264f33305004495a9","hash":"3a3e97d671bbdde162194b9e1a6560aa266bda9b"}
,"/Users/spencerarmini/Downloads/express-biztime/db.js": {"path":"/Users/spencerarmini/Downloads/express-biztime/db.js","statementMap":{"0":{"start":{"line":3,"column":19},"end":{"line":3,"column":32}},"1":{"start":{"line":5,"column":15},"end":{"line":7,"column":29}},"2":{"start":{"line":9,"column":9},"end":{"line":11,"column":2}},"3":{"start":{"line":13,"column":0},"end":{"line":13,"column":13}},"4":{"start":{"line":15,"column":0},"end":{"line":15,"column":20}}},"fnMap":{},"branchMap":{"0":{"loc":{"start":{"line":5,"column":15},"end":{"line":7,"column":29}},"type":"cond-expr","locations":[{"start":{"line":6,"column":6},"end":{"line":6,"column":34}},{"start":{"line":7,"column":6},"end":{"line":7,"column":29}}],"line":5}},"s":{"0":1,"1":1,"2":1,"3":1,"4":1},"f":{},"b":{"0":[1,0]},"_coverageSchema":"1a1c01bbd47fc00a2c39e90264f33305004495a9","hash":"c64fc52f2d54e2482250dff1ebeaf0390b7e94a9"}
,"/Users/spencerarmini/Downloads/express-biztime/expressError.js": {"path":"/Users/spencerarmini/Downloads/express-biztime/expressError.js","statementMap":{"0":{"start":{"line":10,"column":4},"end":{"line":10,"column":12}},"1":{"start":{"line":11,"column":4},"end":{"line":11,"column":27}},"2":{"start":{"line":12,"column":4},"end":{"line":12,"column":25}},"3":{"start":{"line":20,"column":4},"end":{"line":20,"column":24}},"4":{"start":{"line":28,"column":4},"end":{"line":28,"column":24}},"5":{"start":{"line":36,"column":4},"end":{"line":36,"column":24}},"6":{"start":{"line":44,"column":4},"end":{"line":44,"column":24}},"7":{"start":{"line":48,"column":0},"end":{"line":54,"column":2}}},"fnMap":{"0":{"name":"(anonymous_0)","decl":{"start":{"line":9,"column":2},"end":{"line":9,"column":3}},"loc":{"start":{"line":9,"column":31},"end":{"line":13,"column":3}},"line":9},"1":{"name":"(anonymous_1)","decl":{"start":{"line":19,"column":2},"end":{"line":19,"column":3}},"loc":{"start":{"line":19,"column":37},"end":{"line":21,"column":3}},"line":19},"2":{"name":"(anonymous_2)","decl":{"start":{"line":27,"column":2},"end":{"line":27,"column":3}},"loc":{"start":{"line":27,"column":40},"end":{"line":29,"column":3}},"line":27},"3":{"name":"(anonymous_3)","decl":{"start":{"line":35,"column":2},"end":{"line":35,"column":3}},"loc":{"start":{"line":35,"column":39},"end":{"line":37,"column":3}},"line":35},"4":{"name":"(anonymous_4)","decl":{"start":{"line":43,"column":2},"end":{"line":43,"column":3}},"loc":{"start":{"line":43,"column":39},"end":{"line":45,"column":3}},"line":43}},"branchMap":{"0":{"loc":{"start":{"line":19,"column":14},"end":{"line":19,"column":35}},"type":"default-arg","locations":[{"start":{"line":19,"column":24},"end":{"line":19,"column":35}}],"line":19},"1":{"loc":{"start":{"line":27,"column":14},"end":{"line":27,"column":38}},"type":"default-arg","locations":[{"start":{"line":27,"column":24},"end":{"line":27,"column":38}}],"line":27},"2":{"loc":{"start":{"line":35,"column":14},"end":{"line":35,"column":37}},"type":"default-arg","locations":[{"start":{"line":35,"column":24},"end":{"line":35,"column":37}}],"line":35},"3":{"loc":{"start":{"line":43,"column":14},"end":{"line":43,"column":37}},"type":"default-arg","locations":[{"start":{"line":43,"column":24},"end":{"line":43,"column":37}}],"line":43}},"s":{"0":0,"1":0,"2":0,"3":0,"4":0,"5":0,"6":0,"7":1},"f":{"0":0,"1":0,"2":0,"3":0,"4":0},"b":{"0":[0],"1":[0],"2":[0],"3":[0]},"_coverageSchema":"1a1c01bbd47fc00a2c39e90264f33305004495a9","hash":"46758553699075f974451e5d391cb9788edafe7b"}
,"/Users/spencerarmini/Downloads/express-biztime/routes/companies.js": {"path":"/Users/spencerarmini/Downloads/express-biztime/routes/companies.js","statementMap":{"0":{"start":{"line":3,"column":16},"end":{"line":3,"column":34}},"1":{"start":{"line":4,"column":11},"end":{"line":4,"column":27}},"2":{"start":{"line":5,"column":26},"end":{"line":5,"column":52}},"3":{"start":{"line":6,"column":15},"end":{"line":6,"column":31}},"4":{"start":{"line":7,"column":21},"end":{"line":7,"column":24}},"5":{"start":{"line":12,"column":0},"end":{"line":20,"column":3}},"6":{"start":{"line":13,"column":18},"end":{"line":16,"column":24}},"7":{"start":{"line":17,"column":20},"end":{"line":17,"column":32}},"8":{"start":{"line":19,"column":2},"end":{"line":19,"column":33}},"9":{"start":{"line":27,"column":0},"end":{"line":53,"column":5}},"10":{"start":{"line":29,"column":17},"end":{"line":29,"column":32}},"11":{"start":{"line":31,"column":24},"end":{"line":34,"column":40}},"12":{"start":{"line":35,"column":20},"end":{"line":35,"column":39}},"13":{"start":{"line":38,"column":4},"end":{"line":40,"column":5}},"14":{"start":{"line":39,"column":6},"end":{"line":39,"column":51}},"15":{"start":{"line":42,"column":23},"end":{"line":46,"column":35}},"16":{"start":{"line":48,"column":21},"end":{"line":48,"column":36}},"17":{"start":{"line":49,"column":19},"end":{"line":49,"column":46}},"18":{"start":{"line":49,"column":39},"end":{"line":49,"column":45}},"19":{"start":{"line":50,"column":4},"end":{"line":50,"column":30}},"20":{"start":{"line":52,"column":4},"end":{"line":52,"column":33}},"21":{"start":{"line":63,"column":0},"end":{"line":73,"column":3}},"22":{"start":{"line":64,"column":38},"end":{"line":64,"column":46}},"23":{"start":{"line":65,"column":18},"end":{"line":69,"column":30}},"24":{"start":{"line":70,"column":18},"end":{"line":70,"column":33}},"25":{"start":{"line":72,"column":2},"end":{"line":72,"column":52}},"26":{"start":{"line":84,"column":0},"end":{"line":103,"column":3}},"27":{"start":{"line":85,"column":2},"end":{"line":85,"column":67}},"28":{"start":{"line":85,"column":26},"end":{"line":85,"column":67}},"29":{"start":{"line":87,"column":15},"end":{"line":87,"column":30}},"30":{"start":{"line":88,"column":32},"end":{"line":88,"column":40}},"31":{"start":{"line":89,"column":18},"end":{"line":95,"column":30}},"32":{"start":{"line":96,"column":18},"end":{"line":96,"column":33}},"33":{"start":{"line":98,"column":2},"end":{"line":100,"column":3}},"34":{"start":{"line":99,"column":4},"end":{"line":99,"column":60}},"35":{"start":{"line":102,"column":2},"end":{"line":102,"column":31}},"36":{"start":{"line":112,"column":0},"end":{"line":126,"column":3}},"37":{"start":{"line":114,"column":15},"end":{"line":114,"column":30}},"38":{"start":{"line":115,"column":18},"end":{"line":118,"column":28}},"39":{"start":{"line":119,"column":18},"end":{"line":119,"column":33}},"40":{"start":{"line":121,"column":2},"end":{"line":123,"column":3}},"41":{"start":{"line":122,"column":4},"end":{"line":122,"column":60}},"42":{"start":{"line":125,"column":2},"end":{"line":125,"column":41}},"43":{"start":{"line":128,"column":0},"end":{"line":128,"column":24}}},"fnMap":{"0":{"name":"(anonymous_0)","decl":{"start":{"line":12,"column":16},"end":{"line":12,"column":17}},"loc":{"start":{"line":12,"column":48},"end":{"line":20,"column":1}},"line":12},"1":{"name":"(anonymous_1)","decl":{"start":{"line":28,"column":2},"end":{"line":28,"column":3}},"loc":{"start":{"line":28,"column":34},"end":{"line":53,"column":3}},"line":28},"2":{"name":"(anonymous_2)","decl":{"start":{"line":49,"column":32},"end":{"line":49,"column":33}},"loc":{"start":{"line":49,"column":39},"end":{"line":49,"column":45}},"line":49},"3":{"name":"(anonymous_3)","decl":{"start":{"line":63,"column":17},"end":{"line":63,"column":18}},"loc":{"start":{"line":63,"column":49},"end":{"line":73,"column":1}},"line":63},"4":{"name":"(anonymous_4)","decl":{"start":{"line":84,"column":21},"end":{"line":84,"column":22}},"loc":{"start":{"line":84,"column":53},"end":{"line":103,"column":1}},"line":84},"5":{"name":"(anonymous_5)","decl":{"start":{"line":112,"column":24},"end":{"line":112,"column":25}},"loc":{"start":{"line":112,"column":56},"end":{"line":126,"column":1}},"line":112}},"branchMap":{"0":{"loc":{"start":{"line":38,"column":4},"end":{"line":40,"column":5}},"type":"if","locations":[{"start":{"line":38,"column":4},"end":{"line":40,"column":5}},{"start":{"line":38,"column":4},"end":{"line":40,"column":5}}],"line":38},"1":{"loc":{"start":{"line":85,"column":2},"end":{"line":85,"column":67}},"type":"if","locations":[{"start":{"line":85,"column":2},"end":{"line":85,"column":67}},{"start":{"line":85,"column":2},"end":{"line":85,"column":67}}],"line":85},"2":{"loc":{"start":{"line":98,"column":2},"end":{"line":100,"column":3}},"type":"if","locations":[{"start":{"line":98,"column":2},"end":{"line":100,"column":3}},{"start":{"line":98,"column":2},"end":{"line":100,"column":3}}],"line":98},"3":{"loc":{"start":{"line":121,"column":2},"end":{"line":123,"column":3}},"type":"if","locations":[{"start":{"line":121,"column":2},"end":{"line":123,"column":3}},{"start":{"line":121,"column":2},"end":{"line":123,"column":3}}],"line":121}},"s":{"0":1,"1":1,"2":1,"3":1,"4":1,"5":1,"6":1,"7":1,"8":1,"9":1,"10":1,"11":1,"12":1,"13":1,"14":0,"15":1,"16":1,"17":1,"18":0,"19":1,"20":1,"21":1,"22":1,"23":1,"24":1,"25":1,"26":1,"27":0,"28":0,"29":0,"30":0,"31":0,"32":0,"33":0,"34":0,"35":0,"36":1,"37":0,"38":0,"39":0,"40":0,"41":0,"42":0,"43":1},"f":{"0":1,"1":1,"2":0,"3":1,"4":0,"5":0},"b":{"0":[0,1],"1":[0,0],"2":[0,0],"3":[0,0]},"_coverageSchema":"1a1c01bbd47fc00a2c39e90264f33305004495a9","hash":"5198cbe6f0aa51049d525f425a334140db946989"}
,"/Users/spencerarmini/Downloads/express-biztime/routes/invoices.js": {"path":"/Users/spencerarmini/Downloads/express-biztime/routes/invoices.js","statementMap":{"0":{"start":{"line":3,"column":16},"end":{"line":3,"column":34}},"1":{"start":{"line":4,"column":11},"end":{"line":4,"column":27}},"2":{"start":{"line":5,"column":26},"end":{"line":5,"column":52}},"3":{"start":{"line":6,"column":15},"end":{"line":6,"column":31}},"4":{"start":{"line":7,"column":21},"end":{"line":7,"column":24}},"5":{"start":{"line":11,"column":0},"end":{"line":19,"column":3}},"6":{"start":{"line":12,"column":18},"end":{"line":15,"column":29}},"7":{"start":{"line":16,"column":19},"end":{"line":16,"column":31}},"8":{"start":{"line":18,"column":2},"end":{"line":18,"column":32}},"9":{"start":{"line":29,"column":0},"end":{"line":59,"column":5}},"10":{"start":{"line":32,"column":4},"end":{"line":34,"column":5}},"11":{"start":{"line":33,"column":6},"end":{"line":33,"column":47}},"12":{"start":{"line":36,"column":15},"end":{"line":36,"column":28}},"13":{"start":{"line":38,"column":27},"end":{"line":41,"column":36}},"14":{"start":{"line":42,"column":20},"end":{"line":42,"column":42}},"15":{"start":{"line":43,"column":21},"end":{"line":43,"column":38}},"16":{"start":{"line":44,"column":4},"end":{"line":44,"column":24}},"17":{"start":{"line":45,"column":4},"end":{"line":47,"column":5}},"18":{"start":{"line":46,"column":6},"end":{"line":46,"column":51}},"19":{"start":{"line":49,"column":34},"end":{"line":52,"column":42}},"20":{"start":{"line":54,"column":4},"end":{"line":54,"column":29}},"21":{"start":{"line":55,"column":27},"end":{"line":55,"column":56}},"22":{"start":{"line":56,"column":4},"end":{"line":56,"column":37}},"23":{"start":{"line":58,"column":4},"end":{"line":58,"column":33}},"24":{"start":{"line":70,"column":0},"end":{"line":89,"column":3}},"25":{"start":{"line":71,"column":29},"end":{"line":71,"column":37}},"26":{"start":{"line":76,"column":18},"end":{"line":85,"column":49}},"27":{"start":{"line":86,"column":18},"end":{"line":86,"column":33}},"28":{"start":{"line":88,"column":2},"end":{"line":88,"column":52}},"29":{"start":{"line":102,"column":0},"end":{"line":127,"column":3}},"30":{"start":{"line":103,"column":2},"end":{"line":105,"column":3}},"31":{"start":{"line":104,"column":4},"end":{"line":104,"column":45}},"32":{"start":{"line":107,"column":16},"end":{"line":107,"column":26}},"33":{"start":{"line":108,"column":18},"end":{"line":108,"column":26}},"34":{"start":{"line":109,"column":18},"end":{"line":119,"column":40}},"35":{"start":{"line":120,"column":18},"end":{"line":120,"column":33}},"36":{"start":{"line":122,"column":2},"end":{"line":124,"column":3}},"37":{"start":{"line":123,"column":4},"end":{"line":123,"column":58}},"38":{"start":{"line":126,"column":2},"end":{"line":126,"column":31}},"39":{"start":{"line":137,"column":0},"end":{"line":152,"column":3}},"40":{"start":{"line":139,"column":13},"end":{"line":139,"column":26}},"41":{"start":{"line":140,"column":18},"end":{"line":144,"column":11}},"42":{"start":{"line":145,"column":18},"end":{"line":145,"column":33}},"43":{"start":{"line":147,"column":2},"end":{"line":149,"column":3}},"44":{"start":{"line":148,"column":4},"end":{"line":148,"column":58}},"45":{"start":{"line":151,"column":2},"end":{"line":151,"column":41}},"46":{"start":{"line":156,"column":0},"end":{"line":156,"column":24}}},"fnMap":{"0":{"name":"(anonymous_0)","decl":{"start":{"line":11,"column":16},"end":{"line":11,"column":17}},"loc":{"start":{"line":11,"column":48},"end":{"line":19,"column":1}},"line":11},"1":{"name":"(anonymous_1)","decl":{"start":{"line":30,"column":2},"end":{"line":30,"column":3}},"loc":{"start":{"line":30,"column":34},"end":{"line":59,"column":3}},"line":30},"2":{"name":"(anonymous_2)","decl":{"start":{"line":70,"column":17},"end":{"line":70,"column":18}},"loc":{"start":{"line":70,"column":49},"end":{"line":89,"column":1}},"line":70},"3":{"name":"(anonymous_3)","decl":{"start":{"line":102,"column":19},"end":{"line":102,"column":20}},"loc":{"start":{"line":102,"column":51},"end":{"line":127,"column":1}},"line":102},"4":{"name":"(anonymous_4)","decl":{"start":{"line":137,"column":22},"end":{"line":137,"column":23}},"loc":{"start":{"line":137,"column":54},"end":{"line":152,"column":1}},"line":137}},"branchMap":{"0":{"loc":{"start":{"line":32,"column":4},"end":{"line":34,"column":5}},"type":"if","locations":[{"start":{"line":32,"column":4},"end":{"line":34,"column":5}},{"start":{"line":32,"column":4},"end":{"line":34,"column":5}}],"line":32},"1":{"loc":{"start":{"line":45,"column":4},"end":{"line":47,"column":5}},"type":"if","locations":[{"start":{"line":45,"column":4},"end":{"line":47,"column":5}},{"start":{"line":45,"column":4},"end":{"line":47,"column":5}}],"line":45},"2":{"loc":{"start":{"line":103,"column":2},"end":{"line":105,"column":3}},"type":"if","locations":[{"start":{"line":103,"column":2},"end":{"line":105,"column":3}},{"start":{"line":103,"column":2},"end":{"line":105,"column":3}}],"line":103},"3":{"loc":{"start":{"line":122,"column":2},"end":{"line":124,"column":3}},"type":"if","locations":[{"start":{"line":122,"column":2},"end":{"line":124,"column":3}},{"start":{"line":122,"column":2},"end":{"line":124,"column":3}}],"line":122},"4":{"loc":{"start":{"line":147,"column":2},"end":{"line":149,"column":3}},"type":"if","locations":[{"start":{"line":147,"column":2},"end":{"line":149,"column":3}},{"start":{"line":147,"column":2},"end":{"line":149,"column":3}}],"line":147}},"s":{"0":1,"1":1,"2":1,"3":1,"4":1,"5":1,"6":0,"7":0,"8":0,"9":1,"10":0,"11":0,"12":0,"13":0,"14":0,"15":0,"16":0,"17":0,"18":0,"19":0,"20":0,"21":0,"22":0,"23":0,"24":1,"25":0,"26":0,"27":0,"28":0,"29":1,"30":0,"31":0,"32":0,"33":0,"34":0,"35":0,"36":0,"37":0,"38":0,"39":1,"40":0,"41":0,"42":0,"43":0,"44":0,"45":0,"46":1},"f":{"0":0,"1":0,"2":0,"3":0,"4":0},"b":{"0":[0,0],"1":[0,0],"2":[0,0],"3":[0,0],"4":[0,0]},"_coverageSchema":"1a1c01bbd47fc00a2c39e90264f33305004495a9","hash":"8a984da5f65d274b12c3dff357d25ef58a38b83f"}
}
