TN:
SF:app.js
FN:18,(anonymous_0)
FN:23,(anonymous_1)
FNF:2
FNH:0
FNDA:0,(anonymous_0)
FNDA:0,(anonymous_1)
DA:4,1
DA:5,1
DA:7,1
DA:9,1
DA:11,1
DA:12,1
DA:14,1
DA:15,1
DA:18,1
DA:19,0
DA:23,1
DA:24,0
DA:25,0
DA:26,0
DA:27,0
DA:32,1
LF:16
LH:11
BRDA:24,0,0,0
BRDA:24,0,1,0
BRDA:26,1,0,0
BRDA:26,1,1,0
BRF:4
BRH:0
end_of_record
TN:
SF:db.js
FNF:0
FNH:0
DA:3,1
DA:5,1
DA:9,1
DA:13,1
DA:15,1
LF:5
LH:5
BRDA:5,0,0,1
BRDA:5,0,1,0
BRF:2
BRH:1
end_of_record
TN:
SF:expressError.js
FN:9,(anonymous_0)
FN:19,(anonymous_1)
FN:27,(anonymous_2)
FN:35,(anonymous_3)
FN:43,(anonymous_4)
FNF:5
FNH:0
FNDA:0,(anonymous_0)
FNDA:0,(anonymous_1)
FNDA:0,(anonymous_2)
FNDA:0,(anonymous_3)
FNDA:0,(anonymous_4)
DA:10,0
DA:11,0
DA:12,0
DA:20,0
DA:28,0
DA:36,0
DA:44,0
DA:48,1
LF:8
LH:1
BRDA:19,0,0,0
BRDA:27,1,0,0
BRDA:35,2,0,0
BRDA:43,3,0,0
BRF:4
BRH:0
end_of_record
TN:
SF:routes/companies.js
FN:12,(anonymous_0)
FN:28,(anonymous_1)
FN:49,(anonymous_2)
FN:63,(anonymous_3)
FN:84,(anonymous_4)
FN:112,(anonymous_5)
FNF:6
FNH:3
FNDA:1,(anonymous_0)
FNDA:1,(anonymous_1)
FNDA:0,(anonymous_2)
FNDA:1,(anonymous_3)
FNDA:0,(anonymous_4)
FNDA:0,(anonymous_5)
DA:3,1
DA:4,1
DA:5,1
DA:6,1
DA:7,1
DA:12,1
DA:13,1
DA:17,1
DA:19,1
DA:27,1
DA:29,1
DA:31,1
DA:35,1
DA:38,1
DA:39,0
DA:42,1
DA:48,1
DA:49,1
DA:50,1
DA:52,1
DA:63,1
DA:64,1
DA:65,1
DA:70,1
DA:72,1
DA:84,1
DA:85,0
DA:87,0
DA:88,0
DA:89,0
DA:96,0
DA:98,0
DA:99,0
DA:102,0
DA:112,1
DA:114,0
DA:115,0
DA:119,0
DA:121,0
DA:122,0
DA:125,0
DA:128,1
LF:42
LH:27
BRDA:38,0,0,0
BRDA:38,0,1,1
BRDA:85,1,0,0
BRDA:85,1,1,0
BRDA:98,2,0,0
BRDA:98,2,1,0
BRDA:121,3,0,0
BRDA:121,3,1,0
BRF:8
BRH:1
end_of_record
TN:
SF:routes/invoices.js
FN:11,(anonymous_0)
FN:30,(anonymous_1)
FN:70,(anonymous_2)
FN:102,(anonymous_3)
FN:137,(anonymous_4)
FNF:5
FNH:0
FNDA:0,(anonymous_0)
FNDA:0,(anonymous_1)
FNDA:0,(anonymous_2)
FNDA:0,(anonymous_3)
FNDA:0,(anonymous_4)
DA:3,1
DA:4,1
DA:5,1
DA:6,1
DA:7,1
DA:11,1
DA:12,0
DA:16,0
DA:18,0
DA:29,1
DA:32,0
DA:33,0
DA:36,0
DA:38,0
DA:42,0
DA:43,0
DA:44,0
DA:45,0
DA:46,0
DA:49,0
DA:54,0
DA:55,0
DA:56,0
DA:58,0
DA:70,1
DA:71,0
DA:76,0
DA:86,0
DA:88,0
DA:102,1
DA:103,0
DA:104,0
DA:107,0
DA:108,0
DA:109,0
DA:120,0
DA:122,0
DA:123,0
DA:126,0
DA:137,1
DA:139,0
DA:140,0
DA:145,0
DA:147,0
DA:148,0
DA:151,0
DA:156,1
LF:47
LH:11
BRDA:32,0,0,0
BRDA:32,0,1,0
BRDA:45,1,0,0
BRDA:45,1,1,0
BRDA:103,2,0,0
BRDA:103,2,1,0
BRDA:122,3,0,0
BRDA:122,3,1,0
BRDA:147,4,0,0
BRDA:147,4,1,0
BRF:10
BRH:0
end_of_record
